3 13 21 4 14 21 25 11 26 10 35 17 23 0 15 12 25 16 1 9 41 8 43 20 17 4 22 1 7 14 7 13 15 16 5 35 15 11 25 22 44 18 10 8 22 31 12 27 39 23
47 9 6 14 13 40 34 3 1 8 21 41 42 15 34 2 41 34 50 5 36 31 3 33 17 10 40 0 50 2 43 35 0 44 15 11 6 0 32 0 9 37 38 0 8 6 3 33 21 29 18 40 38 0 35 22 4 35 0 27 0 26
6 17 64 20 56 4 42 21 62 7 67 10 51 34 59 61 32 25 46 9 61 47 40 66 0 28 18 46 28 35 48 1 53 26 18 26 21 49 63 1 3 72 45 61 21 34 5 57 18 5 15 37 67 3 36 3 5 31 45 18 44 6 19 3 62 38 73 43 10 47 3 46 53 7 10 9 71 16 9 12 38 14 12 17 36 12 24 48 4 55 3 23
1 24 17 12 25 17 23 32 7 17 15 5 35 14 44 39 16 6 48 4 47 0 33 46 1 34 41 11 24 39 0 29 22 43 2 40 0 30 8 32 48 38 46 8 23 0 32 0 7 27 9 3 41 39 43 6 47 8 6
21 19 38 15 37 24 12 5 34 3 30 12 22 15 7 31 2 12 28 15 48 19 18 14 1 44 3 29 1 30 42 32 10 3 40 50 43 16 13 5 9 5 13 10 34 1 43 1 8 14 25 14 40 38 46 27 38 16 19 1
29 33 51 34 4 7 33 25 0 27 9 38 24 46 2 32 27 20 37 38 8 47 34 29 3 54 3 5 22 12 4 27 41 28 37 1 28 44 8 58 33 13 60 6 20 58 1 48 37 17 2 50 48 17 37 17 36 17 37 45 2 43 30 31 2 5 34
43 4 15 31 35 3 45 54 11 2 8 3 38 7 36 38 30 5 46 27 32 30 37 53 19 30 23 21 38 73 32 9 44 19 73 38 24 26 0 4 24 59 8 20 0 59 53 15 43 49 46 64 0 3 62 0 25 62 1 60 55 75 41 0 40 22 51 39 49 4 20 21 0 71 60 36 42 3 36 0 73 50 80 0 7 29 1 17 64 0 14 0 12 57 27 36 39 27 76 12
11 30 49 38 20 66 71 10 66 59 16 59 72 28 36 45 50 25 5 1 15 28 7 40 80 42 26 33 31 64 32 59 37 43 27 24 17 4 68 0 82 8 39 57 6 30 18 0 56 0 22 39 17 65 50 23 22 48 13 11 0 51 38 44 42 14 37 13 0 10 0 18 0 26 38 5 78 0 69 16 52 82 30 9 17 0 22 6 55 60 25 11 6 11 74 23 34 26 40 64 61 11 38 53 38
0 3 18 16 6 4 9 2 35 39 25 21 5 27 33 35 1 39 11 3 2 32 17 3 7 22 37 8 10 8 18 15 25 3 29 27 9 39 3 7 24 9 19 9 31
9 16 40 39 51 20 8 20 36 54 27 26 48 14 4 35 34 48 14 21 52 31 54 3 54 41 14 37 8 20 45 30 21 43 11 4 52 30 2 39 38 15 35 1 11 46 1 17 45 1 38 12 8 4 23 36 42 23 36 29 31 38
12 22 9 16 27 32 29 44 7 10 2 4 33 8 1 40 19 30 41 12 40 37 32 39 4 0 7 16 32 6 44 2 47 0 15 0 9 7 2 12 18 50 0 53 13 2 54 15 5 55 52 19 41 10 39 38 51 39 3 29 36 18 30 3 41 17 57 21 17 3 15 3
24 19 11 3 21 16 8 2 36 12 1 4 16 35 11 7 24 22 27 6 32 31 27 7 24 22 18 10 0 18 0 8 1 14 1 23 15 9 29 37 23 29 35
1 15 34 14 12 6 16 12 0 24 21 16 7 26 28 3 6 3 25 5 37 0 25 11 14 12 13 36 18 2 5 13 14 32 2 17 15 0 28 31 7 0 33 23 13 36 13
63 3 27 34 49 16 2 63 31 63 22 11 65 49 37 9 12 39 70 66 50 31 61 17 37 24 67 50 51 30 5 4 33 5 37 14 11 36 57 26 8 47 6 0 21 42 24 25 39 1 86 35 83 31 13 69 30 25 49 19 12 3 15 22 9 1 27 7 1 11 86 1 43 16 9 56 13 19 7 69 25 1 73 1 5 67 51 6 53 3 73 1 9 84 38 47 9 75 9 24
9 0 4 17 16 19 12 35 3 34 23 33 22 7 22 10 16 27 13 1 18 16 31 21 3 11 21 14 29 19 18 3 1 30 35 8 38 1 34 6 1 15 12 33 7 36 6 11
2 18 22 1 42 34 13 5 14 7 26 14 13 55 36 10 43 8 3 44 13 51 14 35 22 17 33 0 1 26 9 5 49 39 15 5 1 23 44 45 43 36 46 28 3 26 10 1 19 1 21 1 5 1 9 26 30 1 16 36 7 1 49 6 8 6
23 12 41 32 64 4 47 58 7 66 61 28 41 34 39 70 20 23 15 19 33 66 52 39 37 61 22 40 13 62 75 86 39 14 22 6 55 90 60 18 64 7 23 0 3 36 67 0 77 2 29 22 75 60 33 0 49 40 1 23 22 15 0 5 56 68 43 2 66 2 25 36 9 49 74 67 9 4 65 5 87 72 5 7 76 77 4 26 49 57 35 12 58 18 91 86 87 20 85 77 18 55 24 56 18 22 28 22
12 38 29 42 8 2 8 5 19 25 35 45 46 13 27 26 54 22 21 34 23 0 28 53 46 40 14 35 36 13 25 61 53 23 27 49 17 46 29 4 29 65 34 26 9 38 37 0 12 0 18 0 6 51 55 33 51 21 0 23 7 15 64 0 22 0 6 22 45 48 9 24 69 37 68 53 57 30 66 30 36
7 2 11 33 27 8 6 12 11 40 34 0 17 25 33 24 3 10 19 34 12 27 9 5 39 29 0 28 7 0 2 4 37 8 34 0 22 28 1 15 7 1 6 9 11 27 32 9
28 13 17 1 17 32 10 8 34 33 25 11 10 4 30 19 2 22 11 18 41 38 22 15 14 3 22 18 35 0 38 11 13 7 3 21 3 13 3 31 21 3 16 32 16 27 25 16 20 0 25 31 25
18 62 7 22 52 43 90 9 42 49 26 2 58 0 4 38 49 7 89 2 72 67 1 87 15 46 61 35 4 50 8 28 16 32 45 13 27 17 16 82 1 3 73 30 91 67 37 41 39 32 3 5 3 88 16 83 42 10 13 4 45 73 26 63 5 6 46 65 25 83 12 10 13 22 37 74 82 5 72 88 23 34 23 47 25 5 64 9 17 90 9 49 9 14 12 49 12 17 40 23 33 5 76 61 67 17 50 36 80 60 5
42 19 51 5 35 6 32 63 23 56 57 2 26 45 3 51 0 40 47 24 9 40 46 3 34 55 1 25 17 19 36 15 53 37 3 40 10 7 44 50 24 27 62 23 61 30 1 8 32 8 33 54 46 8 18 3 53 3 10 3 53 32 3 12 3 37 58 6 9 65 46 6 29 27 58 37 40 61 3 67 3 6
33 30 51 12 60 26 30 34 58 3 23 13 28 42 50 25 21 22 7 12 47 24 81 41 37 1 18 14 53 33 58 4 35 78 74 0 83 55 1 19 4 37 45 24 55 72 12 81 43 42 22 13 80 14 18 72 48 79 2 77 14 61 67 1 72 84 42 6 57 5 87 90 54 81 58 1 69 4 27 5 65 1 82 36 79 4 18 54 4 72 1 39 48 28 76 51 19 81 37 52 16 74 57 76 17 19 40 19
13 1 20 11 22 30 52 45 2 22 14 11 34 29 23 13 8 32 25 0 19 49 26 25 22 2 10 35 39 56 13 2 0 14 0 7 5 7 18 23 22 56 33 16 6 0 28 18 33 5 36 20 51 7 56 9 23 5 58 0 55 52 7 10 7 37 19 30 39 0 21 6 38 6 28
33 5 60 2 17 13 50 28 35 53 18 56 39 23 15 10 64 15 62 72 48 57 76 81 47 23 54 82 5 68 25 60 30 29 38 26 62 57 19 43 0 19 70 40 45 10 0 72 42 39 37 20 1 80 6 32 0 15 70 82 54 37 0 53 2 0 10 46 42 6 88 49 8 56 32 12 84 11 85 11 14 26 80 71 8 75 11 32 11 47 49 8 91 83 43 8 27 31 37 67 6 36 90 77 71 85 61 40 30 84 90
18 3 65 26 13 15 5 95 12 10 11 67 1 42 30 3 26 10 24 51 54 69 83 12 47 72 65 71 80 76 0 39 43 64 52 96 8 47 7 21 14 17 42 90 10 45 13 56 86 46 66 9 12 88 43 62 1 7 1 62 73 31 8 32 57 8 1 39 34 4 7 79 77 22 16 24 87 12 73 89 55 49 1 26 59 89 49 19 87 31 49 31 50 22 89 19 69 32 54 21 89 21 39 97 45 49 45 63 39 79 39 51 39 61 39 52
0 13 7 10 4 23 15 6 24 8 11 19 9 43 12 28 27 7 36 2 3 32 36 20 4 14 33 26 34 32 1 40 6 30 5 18 5 8 5 9 30 43 32 1 44 6 44 43 1 15 1
42 63 2 3 37 14 13 70 6 10 28 27 58 26 14 23 41 49 61 52 71 66 9 40 30 24 43 81 5 61 1 78 29 63 61 23 20 16 0 1 0 16 21 5 35 31 70 1 73 17 1 32 13 22 31 16 66 76 34 62 1 26 80 2 79 34 2 21 2 44 2 11 77 2 57 83 28 2 21 2 65 19 2 27 40 12 42 25 2 4 38 65 4 54 79 24 48 24 56 21 85 4 71 60 4
44 19 41 4 13 38 15 6 34 21 11 14 3 49 12 49 1 33 37 47 39 22 16 46 38 58 18 51 45 34 6 58 45 31 39 2 21 9 0 2 4 2 51 5 6 38 7 45 40 35 2 31 2 17 42 47 56 5 35 30 8 5 49 39 48 37 22 35 50
0 36 34 26 33 19 7 4 9 8 24 29 42 61 9 15 63 18 6 28 13 40 8 42 48 22 49 20 53 60 27 35 1 6 36 1 56 21 32 50 24 4 28 3 1 51 5 10 34 1 10 36 25 62 17 1 40 18 11 61 56 1 23 1 14 40 7 1 37 49 27 19 48 56
26 7 24 21 4 12 22 28 34 9 16 38 27 24 27 20 23 17 1 12 26 0 28 38 0 4 24 39 0 40 4 0 30 0 3 9 22 33 6 22 6 8 1 29 2 3 2 4 8 13 35 13
49 12 20 10 17 15 61 16 40 54 34 3 4 33 25 18 24 7 36 38 60 18 12 48 16 51 96 19 21 0 16 6 27 79 25 15 75 63 89 5 2 13 2 50 63 0 78 17 53 88 9 84 6 40 75 7 29 14 0 41 70 36 86 18 68 3 24 54 33 0 11 77 60 88 25 0 1 16 86 1 61 5 46 7 82 89 25 16 36 35 5 53 5 10 5 30 5 36 69 10 50 20 5 94 10 5 9 49 53 1 4 49 96 26 57 4 77 90 77
41 18 1 61 16 5 89 66 68 81 51 25 30 20 15 4 11 14 72 20 69 50 48 17 66 65 36 63 2 14 38 40 61 32 46 28 75 68 39 34 39 6 11 43 8 3 20 32 61 80 12 35 50 40 58 31 0 34 3 23 91 7 26 91 24 76 1 47 3 9 55 13 70 3 78 12 13 1 82 2 31 35 1 75 67 19 61 21 22 85 43 22 26 33 5 77 34 5 9 7 15 87 11 64 5 8 27 82 5 37 67 92 37 56 79 15
6 1 7 35 15 23 34 62 25 0 51 36 48 37 21 52 34 3 34 62 53 15 64 41 58 56 6 15 2 65 6 53 51 43 21 15 43 68 70 4 60 21 3 33 30 32 64 39 13 1 29 16 1 4 22 4 22 4 24 4 10 4 62 38 8 49 65 69 41 57 0 13 41 13 10 57 20 59 49 14 10
6 22 35 18 42 36 11 19 36 3 8 28 40 26 9 1 36 11 24 46 18 15 16 42 10 22 32 43 42 45 53 29 48 9 2 0 8 15 5 0 48 8 0 35 1 45 8 30 3 27 1 38 41 9 3 34 44 3 26 38 56 26 47 41 45 6 15
55 36 33 25 23 54 61 1 26 7 37 29 39 24 26 53 6 8 32 31 30 68 67 80 3 32 45 80 68 5 27 75 35 22 10 29 7 12 13 23 18 47 10 17 40 21 50 0 6 8 9 87 52 50 0 56 43 3 46 3 40 66 0 57 44 40 79 43 39 78 7 0 12 21 76 0 75 11 16 52 3 27 16 22 16 50 2 45 5 0 38 28 44 2 32 45 5 68 2 7 10 7 86
36 11 18 48 24 55 5 14 46 23 10 1 21 18 33 15 41 21 37 4 0 25 66 42 45 28 48 66 45 5 39 40 54 4 62 12 20 0 68 18 3 14 18 11 45 24 59 3 9 40 43 5 59 36 41 23 57 13 5 51 5 15 5 19 5 54 70 45 21 70 13 64 28 43 28 45 0 54 67 44 62 44 54
4 13 22 12 13 24 25 2 13 7 37 4 27 23 1 36 16 12 19 10 4 31 20 5 18 15 0 23 5 0 11 36 18 1 5 34 22 27 3 22 39 8 33 8
7 2 35 0 13 51 31 20 10 27 3 28 49 20 5 32 39 17 40 12 38 50 1 15 38 58 54 3 41 26 5 3 28 26 40 31 39 21 36 10 6 39 36 15 53 34 10 20 54 6 56 21 6 38 28 6 39 45 11 30 58 20 4 48 57 27 32 53
7 3 29 0 23 9 7 42 23 45 36 33 10 44 1 16 10 22 31 32 42 33 11 3 37 15 8 14 17 10 1 26 3 5 20 25 28 18 8 1 19 38 8 25 29 11 39 11 15 44 24 22 27 34 22
24 6 4 16 29 5 9 30 24 8 2 33 34 0 23 19 28 23 3 17 6 8 23 22 20 14 20 5 8 5 7 9 5 8 28 21 13 32 22 3 5 3 5 28 3 24 7 16 33
5 34 46 11 17 76 37 32 9 2 1 85 42 7 48 66 40 28 39 25 77 58 35 29 13 51 42 0 66 37 57 29 15 26 3 65 47 38 80 51 15 37 49 77 41 0 10 83 18 74 0 71 83 1 48 40 43 42 74 10 1 26 41 0 72 86 8 0 81 11 81 3 86 11 8 92 77 88 0 12 59 39 89 0 81 18 85 49 63 0 13 5 46 42 31 82 36 38 36 77 39 66 0 43 0 37 69 19 11 83 71 11 28 46 53 28
20 6 41 50 17 46 20 50 15 12 19 45 4 28 45 18 9 22 6 44 35 46 49 45 30 48 14 34 43 0 6 0 44 60 15 0 8 37 39 0 16 32 7 51 25 5 36 1 3 1 49 54 21 49 6 12 1 57 44 58 17 6 29 6 22 1 46 25 60 33 25 28 5 31 1
19 8 32 22 44 15 66 11 33 16 15 6 3 41 53 31 56 23 59 55 65 29 31 0 5 35 4 66 26 0 17 4 32 31 8 15 47 20 2 27 15 41 4 5 12 4 6 60 29 56 58 0 44 30 3 7 3 36 10 3 8 25 32 12 21 16 42 16 28 16 45 49 16 45 56 58 45 50 56 8 26 8 50
9 19 22 14 15 2 17 32 10 26 25 5 30 46 29 10 8 14 9 33 56 25 4 53 50 8 1 42 0 16 53 33 0 33 5 0 7 30 4 18 48 19 3 1 36 32 45 6 33 24 33 37 11 19 11 20 32 6 55 26 36 27 23 33 6 29
28 35 15 7 6 3 22 30 10 2 41 27 13 0 32 10 2 41 4 16 28 21 37 54 10 46 9 27 6 21 5 11 29 17 35 25 5 37 17 27 41 16 50 41 5 36 11 5 28 15 37 12 53 10 37 54 50 32 46 20 10 16
41 11 1 54 13 27 25 16 21 56 38 3 23 14 45 15 6 5 59 37 8 16 43 15 11 0 26 60 36 50 41 3 16 27 11 30 12 40 0 7 33 5 20 54 0 33 5 25 24 0 8 0 5 0 41 1 50 1 12 10 27 32 9 49 52 1 54 34 22 40
42 46 55 24 13 23 26 2 14 22 25 15 34 0 6 1 6 46 12 61 42 34 36 23 36 14 50 45 4 31 2 55 36 37 7 58 48 1 51 2 20 2 12 2 5 11 26 1 46 52 6 38 46 44 50 1 59 1 10 57 9 11 35 52 19 44 53 1 28 38 28 44 21 57 6 49 6
7 27 28 9 22 18 20 15 13 0 9 20 25 41 19 11 16 27 41 8 22 12 29 1 37 3 4 35 3 1 24 9 13 5 12 33 31 22 8 42 12 9 13 36 14 29 1 5 13 41 30 5
5 27 17 38 25 40 2 3 37 15 0 6 5 30 14 26 30 27 11 20 21 34 37 33 25 1 11 12 10 40 4 18 4 7 33 32 12 19 40 23 19 34 4 16 34 36 4 21 37 17 1
21 11 31 7 15 22 37 12 27 28 3 17 6 14 43 8 29 11 40 4 0 10 25 11 23 45 18 47 27 51 26 52 40 22 36 9 18 23 3 45 6 15 47 44 0 56 5 0 18 14 8 34 8 26 19 0 36 52 0 22 9 57 0 7 4 0
28 31 5 9 14 13 57 56 25 7 43 56 8 31 13 24 55 4 45 44 53 46 27 53 57 46 2 7 5 0 19 7 6 48 34 1 30 13 3 8 38 16 36 12 17 7 54 15 36 24 9 7 50 13 7 41 23 20 14 15 7 24 20 47 20
13 14 32 8 27 19 14 53 25 62 39 1 20 5 0 31 59 18 39 35 33 40 1 40 32 10 9 48 67 3 8 11 59 1 29 20 10 1 19 1 3 23 5 50 1 28 1 13 38 39 34 46 23 56 18 66 8 25 28 6 29 30 3 52 1 21 26 38 23 3 31 23 27 7 1 4 24 63 4 10 40 10
22 1 17 22 7 11 30 28 46 17 6 12 22 37 3 24 29 37 22 43 5 12 0 2 35 11 2 12 2 15 43 13 4 30 37 8 29 44 4 49 23 51 7 18 10 4 23 35 7 43 46 43 48 12 34 43 24 43 22 51
7 30 60 46 41 3 7 48 5 2 38 42 23 3 14 10 60 45 44 28 0 48 4 25 30 69 51 37 41 64 54 49 17 1 55 49 50 58 4 19 56 1 77 8 13 4 49 1 52 4 22 66 9 7 4 52 8 75 5 27 5 50 1 67 71 25 4 8 70 4 69 16 4 19 24 11 68 5 1 31 45 50 6 32 44 32 51 14 62 22 14 37 11 54
16 38 10 4 35 63 37 27 37 65 39 41 28 16 44 7 0 17 7 31 5 11 66 7 17 41 38 67 59 43 9 64 21 32 31 44 2 67 43 30 19 44 6 4 11 46 9 2 52 15 8 6 36 54 21 7 54 52 12 38 16 22 15 0 2 22 34 44 14 18 9 66 46 2 7 20 68 24 7 54 61 54
41 31 45 4 14 20 6 25 14 12 2 22 10 12 37 15 27 52 35 61 0 13 43 33 18 51 9 49 23 27 15 48 7 41 20 18 6 41 29 0 7 14 34 0 4 32 33 8 28 20 12 8 44 4 33 4 7 40 18 21 56 13 31 52 61 34 56 4 7 16 7 39 7 18
5 3 11 68 9 52 32 66 49 36 6 25 38 67 76 7 38 2 6 8 15 12 14 29 1 28 19 84 49 10 59 6 0 60 38 52 86 37 11 1 57 17 60 41 75 71 75 21 77 11 25 72 5 24 65 66 8 74 83 59 42 49 51 37 1 48 17 3 36 2 77 13 62 1 66 76 87 6 31 11 41 47 28 49 1 27 1 10 41 6 3 75 1 23 41 12 69 78 69 71 51
7 9 37 2 26 9 1 3 0 32 34 24 28 40 2 27 1 33 7 21 19 38 34 5 14 8 16 35 1 37 4 1 9 1 27 18 37 14 38 36 16 1 29 1 3 1 4 18 1
26 8 19 30 1 14 6 9 22 27 4 7 28 3 10 9 30 15 10 6 22 0 36 14 33 23 13 20 4 37 34 21 25 41 0 40 0 10 15 10 22 15 29 33 26 15 26 37 39 10 15 20 15
38 19 18 7 12 29 27 38 14 26 68 2 17 43 13 31 7 27 21 33 36 52 46 60 56 38 29 58 50 49 0 67 2 67 25 53 0 58 68 66 2 54 42 41 24 2 18 44 56 11 27 18 49 57 7 2 12 2 20 10 2 10 12 45 54 17 12 59 27 16 24 41 16 32 55 41 27 65 27
1 25 3 24 4 28 7 5 14 25 26 37 24 6 25 20 44 38 0 37 8 10 2 50 18 17 27 37 3 11 4 13 43 4 16 9 7 17 40 9 41 19 39 13 34 21 0 39 4 36 24 0 20 44 5 41 5 13 5 16 5
4 10 31 33 54 7 11 9 14 31 3 51 38 63 72 19 9 13 22 43 36 42 1 33 52 11 73 0 63 8 51 1 73 8 32 65 50 61 54 43 47 56 18 5 35 4 22 51 40 14 34 71 16 0 32 20 3 33 0 50 0 15 33 71 4 72 0 37 23 0 5 31 63 24 74 27 56 45 74 24 52 31 40 5 19 38 76 45 47 73 47 52 19
20 18 1 45 43 42 50 43 39 28 19 36 34 0 3 7 40 17 25 32 43 24 43 8 19 31 18 47 5 7 25 44 6 46 19 48 35 45 1 13 1 24 7 15 14 3 14 28 1 10 1 24 22 3 32 1 37 1 14 24 14 21 24 5 33 42
1 21 9 11 34 7 16 2 3 29 40 24 12 4 19 18 36 32 36 19 17 0 14 43 47 41 9 23 6 24 42 11 3 14 35 16 33 38 3 31 3 15 35 40 31 8 12 38 8 19 9 32 37 32 37
64 20 9 62 90 15 17 23 3 62 26 30 23 17 29 81 78 45 46 23 0 43 27 39 71 66 65 25 41 9 43 4 12 46 36 92 79 37 2 10 68 28 61 81 27 36 4 51 2 64 93 88 2 29 58 4 84 2 16 77 18 4 10 36 2 42 21 6 24 53 5 50 8 18 91 63 2 7 2 64 14 86 28 2 8 40 59 92 6 53 17 44 75 46 63 17 55 60 2 64 47 85 47 49 52 92 52 65 2 28 91 52 91 52 56 78 56 73
4 7 16 41 9 43 42 57 14 34 2 34 0 41 52 47 45 6 37 33 26 21 9 35 17 2 15 29 17 40 25 2 0 32 2 58 4 0 61 13 53 61 7 33 30 29 0 13 62 3 38 26 2 41 45 3 54 0 64 52 6 50 0 49 6 9 58 6 50 0 39 24 60 43 21 12 15 27 59 12
6 3 6 30 13 1 31 13 54 34 7 0 28 21 2 24 52 30 20 13 56 18 19 15 51 3 40 58 4 17 37 65 59 21 12 1 64 61 8 52 41 17 62 23 3 6 10 6 24 29 63 34 15 62 1 52 43 17 47 43 53 7 31 26 65 9 57 38 48 50 48
69 19 48 26 30 17 15 2 31 30 16 6 18 12 32 51 21 13 23 25 0 36 43 37 14 49 29 5 70 27 65 62 1 3 28 43 34 5 22 58 36 56 19 31 4 24 53 62 7 8 4 10 61 22 32 28 27 36 23 39 29 35 66 65 33 10 24 10 13 10 61 10 32 62 52 38 59 32
12 18 6 24 12 2 11 9 0 10 5 17 11 38 13 6 26 1 4 26 48 6 24 36 43 42 44 1 30 25 23 45 16 5 50 19 13 4 3 1 17 32 17 33 11 48 1 44 19 34 10 47 1 36 3 4 46 3 1 21 31 1
54 51 7 0 56 22 13 49 18 30 50 35 60 11 31 13 30 23 62 18 14 9 77 23 44 48 46 61 20 1 74 53 48 6 8 20 8 12 43 37 42 22 47 39 34 43 30 10 21 72 8 13 67 31 39 9 23 21 45 17 80 73 52 83 3 26 4 78 7 4 71 50 1 77 8 10 8 36 22 27 1 36 12 8 6 33 36 40 54 33 62 42 24 67 1 65 52 82 15 68 15
3 12 7 32 23 35 15 0 7 26 1 13 8 24 33 17 20 11 5 10 25 3 8 12 24 34 9 13 15 1 7 12 24 21 15 7 24 26 4 20
8 22 4 3 35 1 11 8 20 30 14 41 7 44 21 6 12 3 12 19 35 20 13 6 5 25 4 51 41 18 21 38 17 51 37 14 2 4 2 26 0 38 34 14 47 26 22 9 34 45 12 48 26 5 49 0 48 13 25 13
25 13 3 1 14 7 29 21 18 10 30 28 3 11 8 2 29 0 15 0 9 0 8 24 12 26 0 11 7 1 31 1 6 19 15 20 2 11 1 20 24 11 16 2 31 21 26 21 25
10 23 17 28 2 13 54 19 12 58 8 47 23 34 9 1 28 31 33 42 22 27 46 11 10 2 14 7 50 0 43 24 58 26 21 16 2 20 29 54 57 3 39 7 2 46 17 12 42 6 39 25 56 2 51 4 12 50 4 29 32 2 22 60 2 38 14 24 11 28 0 22 56 22
25 22 28 19 30 8 13 19 16 65 70 36 12 76 57 7 68 0 45 79 28 8 27 31 4 14 43 48 56 1 74 37 64 10 7 44 77 14 58 80 33 43 23 5 4 81 5 67 3 17 7 52 16 25 45 80 52 53 20 70 1 56 1 5 1 48 58 68 18 12 44 4 8 77 76 20 65 22 57 1 48 28 14 67 1 31 27 66 68 35 41 23 71 1 27 1 57
6 20 34 22 8 23 3 5 11 16 22 24 43 0 30 19 11 37 36 24 26 6 30 38 22 0 1 30 32 1 7 14 12 40 32 35 31 29 9 7 23 13 22 23 42 22 33 22 29 38 11 33 11 16 28 15 14 15
24 67 64 10 71 38 36 68 73 7 70 53 20 8 12 46 29 64 19 55 75 4 41 72 14 0 38 11 13 59 18 67 50 48 47 16 36 10 29 2 88 79 9 69 94 57 4 0 27 51 67 20 16 61 0 67 44 69 56 0 9 2 85 11 3 63 0 8 4 21 61 65 85 0 17 3 14 3 7 12 3 12 58 30 12 19 84 60 71 59 89 26 31 57 0 19 49 8 50 0 61 87 53 0 40 23 16 91 51 0 42 86 0 64 0 34
13 26 17 3 14 7 21 8 36 17 33 14 46 34 37 21 63 12 14 1 2 41 68 0 69 15 27 55 68 47 40 44 25 4 10 34 8 0 57 0 2 47 43 10 2 34 59 3 15 2 8 57 40 36 32 22 18 14 32 16 65 6 44 27 21 22 39 48 6 11 63 22 24 22 43 11 15 17 15 63 24 47 15 50 59
51 10 6 10 8 4 1 30 58 6 10 24 30 39 63 58 26 9 24 53 19 12 0 50 18 5 58 45 27 13 12 51 22 43 39 55 26 13 44 47 10 13 43 74 32 2 26 62 19 32 2 22 5 44 27 35 61 41 0 31 4 17 63 4 35 42 6 62 33 39 34 42 30 4 56 12 48 31 61 4 50 52 50 14 35 14
56 3 13 28 29 20 6 19 25 37 23 86 30 48 70 67 2 75 4 31 0 48 10 3 7 83 1 34 23 58 64 94 5 3 67 31 29 76 93 6 27 4 18 68 0 90 38 74 60 4 15 0 1 18 34 17 24 10 4 46 30 45 15 1 45 84 1 43 30 3 80 34 9 14 43 13 3 22 58 61 44 1 22 49 1 59 3 62 39 3 22 95 25 57 49 70 22 62 24 55 1 68 89 23 1 37 11 50 11 53 41 13 62 21 11 74 84
7 25 15 58 3 2 83 85 46 23 8 43 12 19 70 35 13 26 34 39 0 7 30 10 44 35 31 55 54 78 28 60 30 32 49 47 59 64 52 2 39 88 66 61 6 13 35 94 17 66 63 4 73 46 18 10 71 37 5 0 82 8 13 8 87 6 86 34 53 60 94 90 94 0 93 7 52 49 0 40 24 7 13 21 0 45 60 76 25 88 62 78 88 6 37 19 42 51 6 13 35 86 0 10 49 82 64 10 65 91 45 79 45 65
26 5 29 35 14 2 11 0 21 16 19 8 30 22 10 31 24 27 9 1 18 12 11 3 31 15 9 27 18 1 2 40 13 32 2 19 4 20 35 12 39 17 12 33 31 35 31
12 9 18 23 14 20 4 3 30 46 0 20 12 41 32 31 3 22 17 33 48 53 13 45 53 12 2 4 21 1 2 49 35 42 52 44 33 20 8 25 19 14 42 24 14 8 36 51 1 48 12 7 1 20 43 20 27 17 52
36 41 1 34 10 31 29 48 28 29 58 9 30 23 51 21 11 20 46 61 64 7 0 53 66 77 18 27 29 51 12 14 19 3 30 48 38 63 48 55 50 72 5 75 31 68 79 1 69 6 35 56 48 52 1 4 15 12 49 21 75 1 70 1 20 24 44 14 75 18 14 40 21 24 16 31 77 79 23 16 37 19 20 38 43 69 20 45 71 51 64 51 53 45
16 29 26 2 10 19 30 13 22 7 40 6 24 11 13 16 21 8 18 24 45 22 38 33 36 12 0 47 36 40 5 23 3 33 42 7 23 26 32 2 26 43 44 40 2 16 27 16 36 40 36 41 34
11 37 21 48 28 18 52 58 53 32 3 20 15 34 32 25 7 48 41 37 34 0 34 82 1 11 45 9 47 0 3 8 71 66 50 26 7 61 18 24 3 72 11 64 68 66 81 77 3 32 77 25 80 3 4 31 49 79 68 30 55 80 14 7 4 30 4 50 70 69 25 73 69 11 63 5 73 17 62 24 17 28 33 65 54 8 59 28 5 81 10 6 14 6 33
31 48 54 2 16 5 12 14 66 22 25 15 36 19 29 66 27 23 72 34 46 44 78 81 49 6 29 15 4 78 32 1 3 24 29 35 49 41 46 0 1 71 3 48 28 9 0 78 49 66 44 3 15 32 66 28 30 40 73 47 5 73 19 67 25 73 0 76 4 59 44 66 21 39 0 30 0 7 72 57 21 27 5 0 80 29 72 5 61 20 5 7 54 17 46 5 44
15 3 8 17 32 18 69 77 34 55 30 5 64 12 11 62 59 35 53 19 0 61 62 81 15 9 7 71 66 57 37 2 21 31 69 11 55 1 89 56 54 21 17 15 71 12 40 42 37 76 49 71 19 66 17 51 13 15 40 69 29 50 51 20 8 46 1 54 32 24 35 80 11 1 28 1 21 9 83 13 55 30 1 29 2 10 63 58 86 8 27 38 73 8 36 57 76 36 47 2 48
51 25 19 9 40 38 30 4 44 24 22 63 15 7 33 13 6 10 28 34 13 20 5 15 0 24 26 17 72 11 67 25 40 55 0 17 12 10 63 38 41 13 40 72 31 62 25 74 32 8 63 66 0 52 0 2 24 25 81 0 66 7 78 79 0 20 0 19 11 80 42 43 16 63 0 45 2 49 1 16 6 58 50 0 19 25 4 64 54 11 55 0 10 65 14 34 14 59 14 46 10 47
28 15 7 2 3 14 11 25 34 23 26 17 0 4 24 38 14 44 22 31 39 2 21 24 5 39 25 42 8 33 44 8 21 40 15 5 24 21 28 36 9 5 2 26 10 41 10 13 38 8 30 2 43 45 39 16 11 2
6 53 40 26 33 71 34 16 33 55 36 34 18 49 1 0 3 29 73 40 69 20 18 13 57 41 2 68 8 74 51 12 64 73 18 21 57 36 3 45 35 44 25 32 9 17 18 58 78 1 16 45 60 57 2 62 4 5 33 51 9 10 4 34 5 87 85 7 58 86 7 5 80 6 54 6 20 5 79 83 9 46 5 87 30 13 28 58 28 5 49 47 15 42 11 66 57 5 41 13 47 81
69 46 62 68 42 4 33 46 38 29 16 40 43 6 21 61 66 27 30 13 14 25 44 16 72 40 66 0 4 11 53 17 6 57 22 75 20 30 35 76 48 49 16 25 5 68 81 56 62 25 0 72 3 4 61 17 11 16 11 13 15 71 54 80 0 28 21 52 14 5 65 20 70 74 0 54 5 0 7 10 31 42 12 62 12 26 1 62 1 11 21 20 24 62 22 81 75 11 19
47 62 2 5 28 70 64 9 59 1 7 59 4 63 18 22 46 3 0 83 44 86 41 10 26 28 2 0 6 29 23 71 76 26 87 38 1 52 70 90 23 3 59 28 22 43 4 10 13 65 86 73 35 11 35 64 77 1 3 41 76 3 30 3 17 65 3 55 87 46 5 89 37 19 45 31 29 3 59 6 43 86 3 4 18 33 83 4 70 31 28 19 36 15 77 21 53 12 33 18 89 18 88 36 41 59 41 75
60 55 23 2 25 29 58 56 35 4 40 13 20 0 13 34 62 51 5 4 74 61 2 44 42 21 34 38 24 1 81 32 25 9 29 34 15 8 57 42 44 71 45 50 17 25 19 80 13 3 18 66 42 45 66 3 23 3 38 43 18 65 81 60 3 63 3 15 4 85 84 12 42 74 1 3 1 68 52 15 79 11 32 1 71 48 1 5 1 30 80 72 1 30 1 23 61 83 28 1
7 2 4 1 21 15 3 15 20 13 23 26 6 29 22 17 2 4 16 3 41 4 0 20 10 24 2 15 28 36 37 38 21 16 37 20 4 32 1 41 35 3 38 9 2 19 14 1 7 14 1 12 1 33
24 8 2 36 55 28 53 48 37 36 54 66 39 22 5 50 31 0 9 45 59 30 63 4 30 52 11 74 2 16 62 33 58 60 52 0 3 68 57 6 1 74 4 37 16 31 4 25 10 42 1 67 3 23 5 20 42 1 20 3 5 74 1 21 29 21 30 21 27 21 54 12 53 7 9 27 7 64 69 21 53 7 59 18 57 7 28 23 57 9 23 71
27 40 20 27 16 84 68 11 49 77 9 6 72 2 9 43 11 16 49 3 15 54 69 50 67 8 6 41 64 53 67 32 23 42 33 41 5 72 69 17 60 23 16 15 85 12 69 61 70 0 79 41 0 23 0 35 38 1 36 6 44 37 39 34 0 43 0 31 0 45 68 34 64 81 2 43 14 5 81 0 20 53 0 38 55 6 60 25 39 24 71 29 0 83 66 41 45 0 5 75
11 14 40 10 55 18 71 60 69 38 3 66 30 35 10 55 20 27 23 25 55 46 5 62 71 50 30 64 72 65 41 1 9 5 24 15 3 34 35 56 83 64 4 54 42 0 62 38 6 3 18 80 66 67 87 28 63 42 79 68 60 68 40 6 67 81 11 2 27 2 29 7 20 30 61 2 16 58 53 9 5 52 79 0 1 47 40 16 77 3 79 44 36 55 1 15 12 44 49 84 17 25 55
2 17 15 5 28 9 21 1 3 20 25 37 41 32 15 25 0 31 30 2 39 31 0 27 0 3 8 16 0 25 19 7 19 20 27 26 41 40 10 17 0 4 20 11 26 23 32 0 20 0
